0 info it worked if it ends with ok
1 verbose cli [ 'C:\\Program Files\\nodejs\\node.exe',
1 verbose cli   'C:\\Program Files\\nodejs\\node_modules\\npm\\bin\\npm-cli.js',
1 verbose cli   'install',
1 verbose cli   'ngRoute',
1 verbose cli   '--save' ]
2 info using npm@2.14.20
3 info using node@v4.4.1
4 verbose install initial load of C:\Users\Hugo\Desktop\MEAN\mean-machine-code-master\17-user-crm\package.json
5 warn package.json node-api@ No repository field.
6 warn package.json node-api@ No license field.
7 verbose installManyTop reading scoped package data from C:\Users\Hugo\Desktop\MEAN\mean-machine-code-master\17-user-crm\node_modules\bcrypt-nodejs\package.json
8 verbose installManyTop reading scoped package data from C:\Users\Hugo\Desktop\MEAN\mean-machine-code-master\17-user-crm\node_modules\body-parser\package.json
9 verbose installManyTop reading scoped package data from C:\Users\Hugo\Desktop\MEAN\mean-machine-code-master\17-user-crm\node_modules\express\package.json
10 verbose installManyTop reading scoped package data from C:\Users\Hugo\Desktop\MEAN\mean-machine-code-master\17-user-crm\node_modules\jsonwebtoken\package.json
11 verbose installManyTop reading scoped package data from C:\Users\Hugo\Desktop\MEAN\mean-machine-code-master\17-user-crm\node_modules\moment\package.json
12 verbose installManyTop reading scoped package data from C:\Users\Hugo\Desktop\MEAN\mean-machine-code-master\17-user-crm\node_modules\mongoose\package.json
13 verbose installManyTop reading scoped package data from C:\Users\Hugo\Desktop\MEAN\mean-machine-code-master\17-user-crm\node_modules\morgan\package.json
14 info package.json bcrypt-nodejs@0.0.3 No license field.
15 info package.json mongoose@3.8.39 No license field.
16 verbose readDependencies loading dependencies from C:\Users\Hugo\Desktop\MEAN\mean-machine-code-master\17-user-crm\package.json
17 silly cache add args [ 'ngRoute', null ]
18 verbose cache add spec ngRoute
19 silly cache add parsed spec Result {
19 silly cache add   raw: 'ngRoute',
19 silly cache add   scope: null,
19 silly cache add   name: 'ngRoute',
19 silly cache add   rawSpec: '',
19 silly cache add   spec: 'latest',
19 silly cache add   type: 'tag' }
20 silly addNamed ngRoute@latest
21 verbose addNamed "latest" is being treated as a dist-tag for ngRoute
22 info addNameTag [ 'ngRoute', 'latest' ]
23 silly mapToRegistry name ngRoute
24 silly mapToRegistry using default registry
25 silly mapToRegistry registry https://registry.npmjs.org/
26 silly mapToRegistry uri https://registry.npmjs.org/ngRoute
27 verbose addNameTag registry:https://registry.npmjs.org/ngRoute not in flight; fetching
28 verbose request uri https://registry.npmjs.org/ngRoute
29 verbose request no auth needed
30 info attempt registry request try #1 at 14:11:27
31 verbose request id f93a224225dcbeaa
32 http request GET https://registry.npmjs.org/ngRoute
33 http 404 https://registry.npmjs.org/ngRoute
34 verbose headers { 'content-type': 'application/json',
34 verbose headers   'cache-control': 'max-age=0',
34 verbose headers   'content-length': '2',
34 verbose headers   'accept-ranges': 'bytes',
34 verbose headers   date: 'Thu, 14 Apr 2016 13:10:48 GMT',
34 verbose headers   via: '1.1 varnish',
34 verbose headers   age: '0',
34 verbose headers   connection: 'keep-alive',
34 verbose headers   'x-served-by': 'cache-ams4123-AMS',
34 verbose headers   'x-cache': 'MISS',
34 verbose headers   'x-cache-hits': '0',
34 verbose headers   'x-timer': 'S1460639447.889206,VS0,VE175',
34 verbose headers   vary: 'Accept-Encoding' }
35 silly get cb [ 404,
35 silly get   { 'content-type': 'application/json',
35 silly get     'cache-control': 'max-age=0',
35 silly get     'content-length': '2',
35 silly get     'accept-ranges': 'bytes',
35 silly get     date: 'Thu, 14 Apr 2016 13:10:48 GMT',
35 silly get     via: '1.1 varnish',
35 silly get     age: '0',
35 silly get     connection: 'keep-alive',
35 silly get     'x-served-by': 'cache-ams4123-AMS',
35 silly get     'x-cache': 'MISS',
35 silly get     'x-cache-hits': '0',
35 silly get     'x-timer': 'S1460639447.889206,VS0,VE175',
35 silly get     vary: 'Accept-Encoding' } ]
36 verbose stack Error: Registry returned 404 for GET on https://registry.npmjs.org/ngRoute
36 verbose stack     at makeError (C:\Program Files\nodejs\node_modules\npm\node_modules\npm-registry-client\lib\request.js:264:12)
36 verbose stack     at CachingRegistryClient.<anonymous> (C:\Program Files\nodejs\node_modules\npm\node_modules\npm-registry-client\lib\request.js:242:14)
36 verbose stack     at Request._callback (C:\Program Files\nodejs\node_modules\npm\node_modules\npm-registry-client\lib\request.js:172:14)
36 verbose stack     at Request.self.callback (C:\Program Files\nodejs\node_modules\npm\node_modules\request\request.js:199:22)
36 verbose stack     at emitTwo (events.js:87:13)
36 verbose stack     at Request.emit (events.js:172:7)
36 verbose stack     at Request.<anonymous> (C:\Program Files\nodejs\node_modules\npm\node_modules\request\request.js:1036:10)
36 verbose stack     at emitOne (events.js:82:20)
36 verbose stack     at Request.emit (events.js:169:7)
36 verbose stack     at IncomingMessage.<anonymous> (C:\Program Files\nodejs\node_modules\npm\node_modules\request\request.js:963:12)
37 verbose statusCode 404
38 verbose pkgid ngRoute
39 verbose cwd C:\Users\Hugo\Desktop\MEAN\mean-machine-code-master\17-user-crm
40 error Windows_NT 6.3.9600
41 error argv "C:\\Program Files\\nodejs\\node.exe" "C:\\Program Files\\nodejs\\node_modules\\npm\\bin\\npm-cli.js" "install" "ngRoute" "--save"
42 error node v4.4.1
43 error npm  v2.14.20
44 error code E404
45 error 404 Registry returned 404 for GET on https://registry.npmjs.org/ngRoute
45 error 404
45 error 404 'ngRoute' is not in the npm registry.
45 error 404 Your package name is not valid, because
45 error 404
45 error 404  1. name can no longer contain capital letters
45 error 404 It was specified as a dependency of 'node-api'
45 error 404
45 error 404 Note that you can also install from a
45 error 404 tarball, folder, http url, or git url.
46 verbose exit [ 1, true ]
